<?xml version="1.0" encoding="UTF-8"?>
<!-- Generated by org.testng.reporters.JUnitReportReporter -->
<testsuite hostname="Sathish" failures="0" tests="1" name="mavenforjenkins.UITest" time="23.921" errors="0" timestamp="2023-04-25T10:38:36 IST" skipped="0">
  <testcase classname="mavenforjenkins.UITest" name="startBrowser" time="23.921"/>
  <system-out/>
</testsuite> <!-- mavenforjenkins.UITest -->
